 
****************************************
Report : area
Design : ysyx_210153
Version: R-2020.09-SP3a
Date   : Sun Oct  3 17:55:54 2021
****************************************

Library(s) Used:

    scc011ums_hd_lvt_ss_v1p08_125c_ccs (File: /Project/home/fangwenji/prj/coosca/lib_data/ccsdb/scc011ums_hd_lvt_ss_v1p08_125c_ccs.db)
    S011HD1P_X32Y2D128_SS_1.08_125 (File: /Project/home/fangwenji/prj/coosca/lib_data/ccsdb/S011HD1P_X32Y2D128_SS_1.08_125.db)

Number of ports:                        21861
Number of nets:                        132140
Number of cells:                       111515
Number of combinational cells:          92527
Number of sequential cells:             18751
Number of macros/black boxes:               8
Number of buf/inv:                      21880
Number of references:                      21

Combinational area:             701789.258371
Buf/Inv area:                    98856.247766
Noncombinational area:          485952.904991
Macro/Black Box area:           408540.343750
Net Interconnect area:      undefined  (No wire load specified)

Total cell area:               1596282.507113
Total area:                 undefined

Hierarchical area distribution
------------------------------

                                  Global cell area                  Local cell area
                                  ---------------------  ------------------------------------- 
Hierarchical cell                 Absolute      Percent  Combi-       Noncombi-    Black-
                                  Total         Total    national     national     boxes        Design
--------------------------------  ------------  -------  -----------  -----------  -----------  -------------------------------------
ysyx_210153                       1596282.5071    100.0     801.5008       0.0000       0.0000  ysyx_210153
moduleAXIRMux                        1738.8264      0.1    1662.1728      76.6536       0.0000  ysyx_210153_AXIRMux_0
moduleBypass                         3897.2304      0.2    3897.2304       0.0000       0.0000  ysyx_210153_Bypass_0
moduleBypassCsr                        40.3440      0.0      40.3440       0.0000       0.0000  ysyx_210153_BypassCsr_0
moduleCSRs                          47689.2981      3.0   29160.6431   18528.6550       0.0000  ysyx_210153_M_CSRs_0
moduleClint                          8500.4809      0.5    5217.8240    3282.6569       0.0000  ysyx_210153_Clint_0
moduleDCache                       542873.3347     34.0   29057.0935   10599.7139  204270.1719  ysyx_210153_DCache_0
moduleDCache/rand_prng                 73.9640      0.0      22.8616      51.1024       0.0000  ysyx_210153_MaximalPeriodGaloisLFSR_3
moduleDCache/sregs                   3968.5048      0.2    2307.6768    1660.8281       0.0000  ysyx_210153_SyncReadReg_16
moduleDCache/sregs_1                 3977.9184      0.2    2317.0904    1660.8281       0.0000  ysyx_210153_SyncReadReg_14
moduleDCache/sregs_10               66458.6723      4.2   29920.4551   36538.2172       0.0000  ysyx_210153_SyncReadReg_4_13
moduleDCache/sregs_11               66450.6035      4.2   29912.3863   36538.2172       0.0000  ysyx_210153_SyncReadReg_4_9
moduleDCache/sregs_2                 3877.0584      0.2    2216.2304    1660.8281       0.0000  ysyx_210153_SyncReadReg_24
moduleDCache/sregs_3                 3996.7456      0.3    2334.5728    1662.1729       0.0000  ysyx_210153_SyncReadReg_22
moduleDCache/sregs_4                 4206.5344      0.3    2545.7064    1660.8281       0.0000  ysyx_210153_SyncReadReg_20
moduleDCache/sregs_5                 4193.0864      0.3    2532.2584    1660.8281       0.0000  ysyx_210153_SyncReadReg_18
moduleDCache/sregs_6                 4264.3608      0.3    2603.5328    1660.8281       0.0000  ysyx_210153_SyncReadReg_17
moduleDCache/sregs_7                 4150.0528      0.3    2489.2248    1660.8281       0.0000  ysyx_210153_SyncReadReg_15
moduleDCache/sregs_8                66808.3203      4.2   30270.1031   36538.2172       0.0000  ysyx_210153_SyncReadReg_4_11
moduleDCache/sregs_9                66520.5331      4.2   29982.3159   36538.2172       0.0000  ysyx_210153_SyncReadReg_4_14
moduleEX                           217577.8835     13.6   14389.3600   14410.8773       0.0000  ysyx_210153_EX_0
moduleEX/alu                       188777.6462     11.8   29574.8415       0.0000       0.0000  ysyx_210153_ALU_0
moduleEX/alu/divTop                 23255.6265      1.5   18067.3879    5188.2386       0.0000  ysyx_210153_DivTop_0
moduleEX/alu/multiTop              135947.1782      8.5   33082.0799   12417.8836       0.0000  ysyx_210153_MultiTop_0
moduleEX/alu/multiTop/boothSext     28614.6543      1.8   28614.6543       0.0000       0.0000  ysyx_210153_BoothSext_0
moduleEX/alu/multiTop/wallaceTree   61832.5604      3.9       0.0000       0.0000       0.0000  ysyx_210153_Wallace_Improved_0
moduleEX/alu/multiTop/wallaceTree/CSAs_0
                                     3684.7521      0.2    3684.7521       0.0000       0.0000  ysyx_210153_CSA_13
moduleEX/alu/multiTop/wallaceTree/CSAs_1
                                     3649.7873      0.2    3649.7873       0.0000       0.0000  ysyx_210153_CSA_15
moduleEX/alu/multiTop/wallaceTree/CSAs_2
                                     3593.3058      0.2    3593.3058       0.0000       0.0000  ysyx_210153_CSA_9
moduleEX/alu/multiTop/wallaceTree/CSAs_3
                                     3552.9618      0.2    3552.9618       0.0000       0.0000  ysyx_210153_CSA_14
moduleEX/alu/multiTop/wallaceTree/CSAs_4
                                     3507.2386      0.2    3507.2386       0.0000       0.0000  ysyx_210153_CSA_10
moduleEX/alu/multiTop/wallaceTree/CSAs_5
                                     3952.3674      0.2    3952.3674       0.0000       0.0000  ysyx_210153_CSA_11
moduleEX/alu/multiTop/wallaceTree/CSAs_6
                                     3760.0610      0.2    3760.0610       0.0000       0.0000  ysyx_210153_CSA_12
moduleEX/alu/multiTop/wallaceTree/CSAs_7
                                     4269.7402      0.3    4269.7402       0.0000       0.0000  ysyx_210153_CSA_8
moduleEX/alu/multiTop/wallaceTree/u_42s_0
                                     7572.5688      0.5    7572.5688       0.0000       0.0000  ysyx_210153__42_Compressor_4
moduleEX/alu/multiTop/wallaceTree/u_42s_1
                                     7448.8472      0.5    7448.8472       0.0000       0.0000  ysyx_210153__42_Compressor_5
moduleEX/alu/multiTop/wallaceTree/u_42s_2
                                     7927.5960      0.5    7927.5960       0.0000       0.0000  ysyx_210153__42_Compressor_7
moduleEX/alu/multiTop/wallaceTree/u_42s_3
                                     8913.3344      0.6    8913.3344       0.0000       0.0000  ysyx_210153__42_Compressor_6
moduleGPRs                         103592.6352      6.5   52899.0527   50693.5825       0.0000  ysyx_210153_GPRs_0
moduleICache                       529963.2495     33.2   12334.5056    4385.3929  204270.1719  ysyx_210153_ICache_0
moduleICache/rand_prng                 73.9640      0.0      22.8616      51.1024       0.0000  ysyx_210153_MaximalPeriodGaloisLFSR_2
moduleICache/sregs                   4129.8808      0.3    2465.0184    1664.8625       0.0000  ysyx_210153_SyncReadReg_13
moduleICache/sregs_1                 4148.7080      0.3    2485.1904    1663.5177       0.0000  ysyx_210153_SyncReadReg_23
moduleICache/sregs_2                 4148.7080      0.3    2486.5352    1662.1729       0.0000  ysyx_210153_SyncReadReg_21
moduleICache/sregs_3                 4144.6736      0.3    2481.1560    1663.5177       0.0000  ysyx_210153_SyncReadReg_19
moduleICache/sregs_4                73310.4271      4.6   35018.5919   38291.8352       0.0000  ysyx_210153_SyncReadReg_4_8
moduleICache/sregs_5                72835.7127      4.6   34561.3599   38274.3528       0.0000  ysyx_210153_SyncReadReg_4_10
moduleICache/sregs_6                73030.7088      4.6   34877.3879   38153.3209       0.0000  ysyx_210153_SyncReadReg_4_12
moduleICache/sregs_7                73150.3960      4.6   34999.7647   38150.6313       0.0000  ysyx_210153_SyncReadReg_4_15
moduleID                            43853.9282      2.7   27700.1903    9503.7019       0.0000  ysyx_210153_ID_0
moduleID/alu1_2                      6650.0360      0.4    6650.0360       0.0000       0.0000  ysyx_210153_SimpleALU_0
moduleIF                            10423.5449      0.7    7785.0472    2638.4977       0.0000  ysyx_210153_IF_0
moduleMEM                           26507.3532      1.7   13885.0600   12622.2932       0.0000  ysyx_210153_MEM_0
moduleMMU                           56797.6287      3.6   34285.6759   22511.9528       0.0000  ysyx_210153_MMU_0
moduleWB                             2025.2688      0.1    1999.7176      25.5512       0.0000  ysyx_210153_WB_0
--------------------------------  ------------  -------  -----------  -----------  -----------  -------------------------------------
Total                                                    701789.2584  485952.9050  408540.3438

1
