#========================================================================
# Area
#========================================================================
total      std        mem  ipio  sub_harden
1596282.5  1596282.5  0.0  0.0   0.0 

#========================================================================
# Cell Count
#========================================================================
total   std     mem  ipio  sub_harden
111286  111286  0    0     0 

#========================================================================
# Vt/Cl ratio(area)
#========================================================================
SVT40  LVT40  HVT40
0.00   74.41  0.00 

#========================================================================
# Timing
#========================================================================
group      org_freq  over_freq  wns     tns         num
CLK_clock  100.0     153.8      -1.527  -14051.543  12501 

